make[1]: Entering directory `/home/linux/ieng6/oce/9o/zhw161/cs131/04-diamondback'
stack exec -- diamondback tests/input/err-dup-param.diamond > tests/output/err-dup-param.s
Errors found!
tests/input/err-dup-param.diamond:1:13-14: duplicate parameter 'x'

         1|  def add2(x, x):
                         ^

tests/input/err-dup-param.diamond:(4:1)-(5:1): wrong arity of arguments at call of add2

         4|  add2(12)

make[1]: *** [tests/output/err-dup-param.s] Error 1
make[1]: Leaving directory `/home/linux/ieng6/oce/9o/zhw161/cs131/04-diamondback'
stack exec -- diamondback tests/input/err-dup-param.diamond > tests/output/err-dup-param.s
Errors found!
tests/input/err-dup-param.diamond:1:13-14: duplicate parameter 'x'

         1|  def add2(x, x):
                         ^

tests/input/err-dup-param.diamond:(4:1)-(5:1): wrong arity of arguments at call of add2

         4|  add2(12)

make: *** [tests/output/err-dup-param.s] Error 1
