make[1]: Entering directory `/home/linux/ieng6/oce/9o/zhw161/cs131/04-diamondback'
stack exec -- diamondback tests/input/err-unbound-00.diamond > tests/output/err-unbound-00.s
Errors found!
tests/input/err-unbound-00.diamond:3:12-13: unbound variable 'z'

         3|        t2 = z
                        ^

tests/input/err-unbound-00.diamond:(7:1)-(8:1): wrong arity of arguments at call of add2

         7|  add2(12)

make[1]: *** [tests/output/err-unbound-00.s] Error 1
make[1]: Leaving directory `/home/linux/ieng6/oce/9o/zhw161/cs131/04-diamondback'
stack exec -- diamondback tests/input/err-unbound-00.diamond > tests/output/err-unbound-00.s
Errors found!
tests/input/err-unbound-00.diamond:3:12-13: unbound variable 'z'

         3|        t2 = z
                        ^

tests/input/err-unbound-00.diamond:(7:1)-(8:1): wrong arity of arguments at call of add2

         7|  add2(12)

make: *** [tests/output/err-unbound-00.s] Error 1
