make[1]: Entering directory `/home/linux/ieng6/oce/9o/zhw161/cs131/04-diamondback'
stack exec -- diamondback tests/input/err-shadow-bind.diamond > tests/output/err-shadow-bind.s
Errors found!
tests/input/err-shadow-bind.diamond:2:13-14: shadow binding 'x'

         2|      z = let x = add1(add1(x)), 
                         ^

make[1]: *** [tests/output/err-shadow-bind.s] Error 1
make[1]: Leaving directory `/home/linux/ieng6/oce/9o/zhw161/cs131/04-diamondback'
stack exec -- diamondback tests/input/err-shadow-bind.diamond > tests/output/err-shadow-bind.s
Errors found!
tests/input/err-shadow-bind.diamond:2:13-14: shadow binding 'x'

         2|      z = let x = add1(add1(x)), 
                         ^

make: *** [tests/output/err-shadow-bind.s] Error 1
