make[1]: Entering directory `/home/linux/ieng6/oce/9o/zhw161/cs131/04-diamondback'
stack exec -- diamondback tests/input/err-not-defined.diamond > tests/output/err-not-defined.s
Errors found!
tests/input/err-not-defined.diamond:(4:1)-(5:1): function 'addTwo' is not defined

         4|  addTwo(12, 7)

make[1]: *** [tests/output/err-not-defined.s] Error 1
make[1]: Leaving directory `/home/linux/ieng6/oce/9o/zhw161/cs131/04-diamondback'
stack exec -- diamondback tests/input/err-not-defined.diamond > tests/output/err-not-defined.s
Errors found!
tests/input/err-not-defined.diamond:(4:1)-(5:1): function 'addTwo' is not defined

         4|  addTwo(12, 7)

make: *** [tests/output/err-not-defined.s] Error 1
