make[1]: Entering directory `/home/linux/ieng6/oce/9o/zhw161/cs131/04-diamondback'
stack exec -- diamondback tests/input/if1.diamond > tests/output/if1.s
nasm -f aout -o tests/output/if1.o tests/output/if1.s
clang -g -m32 -mstackrealign -o tests/output/if1.run c-bits/main.c tests/output/if1.o
tests/output/if1.run > tests/output/if1.result
Error: expected a booleanmake[1]: *** [tests/output/if1.result] Error 1
make[1]: Leaving directory `/home/linux/ieng6/oce/9o/zhw161/cs131/04-diamondback'
stack exec -- diamondback tests/input/if1.diamond > tests/output/if1.s
nasm -f aout -o tests/output/if1.o tests/output/if1.s
clang -g -m32 -mstackrealign -o tests/output/if1.run c-bits/main.c tests/output/if1.o
tests/output/if1.run > tests/output/if1.result
Error: expected a booleanmake: *** [tests/output/if1.result] Error 1
