make[1]: Entering directory `/home/linux/ieng6/oce/9o/zhw161/cs131/04-diamondback'
stack exec -- diamondback tests/input/sub1-e.diamond > tests/output/sub1-e.s
nasm -f aout -o tests/output/sub1-e.o tests/output/sub1-e.s
clang -g -m32 -mstackrealign -o tests/output/sub1-e.run c-bits/main.c tests/output/sub1-e.o
tests/output/sub1-e.run > tests/output/sub1-e.result
Error: expected a numbermake[1]: *** [tests/output/sub1-e.result] Error 1
make[1]: Leaving directory `/home/linux/ieng6/oce/9o/zhw161/cs131/04-diamondback'
stack exec -- diamondback tests/input/sub1-e.diamond > tests/output/sub1-e.s
nasm -f aout -o tests/output/sub1-e.o tests/output/sub1-e.s
clang -g -m32 -mstackrealign -o tests/output/sub1-e.run c-bits/main.c tests/output/sub1-e.o
tests/output/sub1-e.run > tests/output/sub1-e.result
Error: expected a numbermake: *** [tests/output/sub1-e.result] Error 1
